<?xml version="1.0" encoding="UTF-8"?>
<testng-results ignored="0" total="1" passed="1" failed="0" skipped="0">
  <reporter-output>
  </reporter-output>
  <suite started-at="2024-11-07T17:18:14 CST" name="Suite" finished-at="2024-11-07T17:18:41 CST" duration-ms="26573">
    <groups>
    </groups>
    <test started-at="2024-11-07T17:18:14 CST" name="Test" finished-at="2024-11-07T17:18:41 CST" duration-ms="26573">
      <class name="bancocuscatlan.firstmavenproject.IrishJobTest">
        <test-method is-config="true" signature="getToWebsite()[pri:0, instance:bancocuscatlan.firstmavenproject.IrishJobTest@49e53c76]" started-at="2024-11-07T17:18:14 CST" name="getToWebsite" finished-at="2024-11-07T17:18:21 CST" duration-ms="7013" status="PASS">
          <reporter-output>
          </reporter-output>
        </test-method> <!-- getToWebsite -->
        <test-method signature="login()[pri:0, instance:bancocuscatlan.firstmavenproject.IrishJobTest@49e53c76]" started-at="2024-11-07T17:18:21 CST" name="login" finished-at="2024-11-07T17:18:41 CST" duration-ms="19516" status="PASS">
          <reporter-output>
          </reporter-output>
        </test-method> <!-- login -->
      </class> <!-- bancocuscatlan.firstmavenproject.IrishJobTest -->
    </test> <!-- Test -->
  </suite> <!-- Suite -->
</testng-results>
